<?xml version="1.0" encoding="UTF-8"?>
<testsuite xmlns:xsi="http://www.w3.org/2001/XMLSchema-instance" xsi:noNamespaceSchemaLocation="https://maven.apache.org/surefire/maven-surefire-plugin/xsd/surefire-test-report.xsd" name="org.my.group.MyResourceTest" time="7.721" tests="1" errors="0" skipped="0" failures="1">
  <properties>
    <property name="awt.toolkit" value="sun.awt.X11.XToolkit"/>
    <property name="java.specification.version" value="11"/>
    <property name="sun.cpu.isalist" value=""/>
    <property name="sun.jnu.encoding" value="UTF-8"/>
    <property name="java.class.path" value="/projects/console-java-simple/telemetryback-end/target/test-classes:/projects/console-java-simple/telemetryback-end/target/classes:/home/user/.m2/repository/io/quarkus/quarkus-resteasy/1.2.1.Final/quarkus-resteasy-1.2.1.Final.jar:/home/user/.m2/repository/io/quarkus/quarkus-vertx-http/1.2.1.Final/quarkus-vertx-http-1.2.1.Final.jar:/home/user/.m2/repository/io/quarkus/security/quarkus-security/1.0.1.Final/quarkus-security-1.0.1.Final.jar:/home/user/.m2/repository/jakarta/enterprise/jakarta.enterprise.cdi-api/2.0.2/jakarta.enterprise.cdi-api-2.0.2.jar:/home/user/.m2/repository/jakarta/el/jakarta.el-api/3.0.3/jakarta.el-api-3.0.3.jar:/home/user/.m2/repository/jakarta/interceptor/jakarta.interceptor-api/1.2.5/jakarta.interceptor-api-1.2.5.jar:/home/user/.m2/repository/io/quarkus/quarkus-vertx-core/1.2.1.Final/quarkus-vertx-core-1.2.1.Final.jar:/home/user/.m2/repository/io/quarkus/quarkus-netty/1.2.1.Final/quarkus-netty-1.2.1.Final.jar:/home/user/.m2/repository/io/netty/netty-codec/4.1.42.Final/netty-codec-4.1.42.Final.jar:/home/user/.m2/repository/io/netty/netty-handler/4.1.42.Final/netty-handler-4.1.42.Final.jar:/home/user/.m2/repository/io/vertx/vertx-core/3.8.4/vertx-core-3.8.4.jar:/home/user/.m2/repository/io/netty/netty-common/4.1.42.Final/netty-common-4.1.42.Final.jar:/home/user/.m2/repository/io/netty/netty-buffer/4.1.42.Final/netty-buffer-4.1.42.Final.jar:/home/user/.m2/repository/io/netty/netty-transport/4.1.42.Final/netty-transport-4.1.42.Final.jar:/home/user/.m2/repository/io/netty/netty-handler-proxy/4.1.42.Final/netty-handler-proxy-4.1.42.Final.jar:/home/user/.m2/repository/io/netty/netty-codec-socks/4.1.42.Final/netty-codec-socks-4.1.42.Final.jar:/home/user/.m2/repository/io/netty/netty-codec-http/4.1.42.Final/netty-codec-http-4.1.42.Final.jar:/home/user/.m2/repository/io/netty/netty-codec-http2/4.1.42.Final/netty-codec-http2-4.1.42.Final.jar:/home/user/.m2/repository/io/netty/netty-resolver/4.1.42.Final/netty-resolver-4.1.42.Final.jar:/home/user/.m2/repository/io/netty/netty-resolver-dns/4.1.42.Final/netty-resolver-dns-4.1.42.Final.jar:/home/user/.m2/repository/io/netty/netty-codec-dns/4.1.42.Final/netty-codec-dns-4.1.42.Final.jar:/home/user/.m2/repository/io/vertx/vertx-web/3.8.4/vertx-web-3.8.4.jar:/home/user/.m2/repository/io/vertx/vertx-web-common/3.8.4/vertx-web-common-3.8.4.jar:/home/user/.m2/repository/io/vertx/vertx-auth-common/3.8.4/vertx-auth-common-3.8.4.jar:/home/user/.m2/repository/io/vertx/vertx-bridge-common/3.8.4/vertx-bridge-common-3.8.4.jar:/home/user/.m2/repository/io/quarkus/quarkus-resteasy-server-common/1.2.1.Final/quarkus-resteasy-server-common-1.2.1.Final.jar:/home/user/.m2/repository/io/quarkus/quarkus-arc/1.2.1.Final/quarkus-arc-1.2.1.Final.jar:/home/user/.m2/repository/io/quarkus/arc/arc/1.2.1.Final/arc-1.2.1.Final.jar:/home/user/.m2/repository/jakarta/transaction/jakarta.transaction-api/1.3.3/jakarta.transaction-api-1.3.3.jar:/home/user/.m2/repository/org/eclipse/microprofile/context-propagation/microprofile-context-propagation-api/1.0.1/microprofile-context-propagation-api-1.0.1.jar:/home/user/.m2/repository/io/quarkus/quarkus-resteasy-common/1.2.1.Final/quarkus-resteasy-common-1.2.1.Final.jar:/home/user/.m2/repository/org/jboss/resteasy/resteasy-core/4.4.2.Final/resteasy-core-4.4.2.Final.jar:/home/user/.m2/repository/org/jboss/spec/javax/ws/rs/jboss-jaxrs-api_2.1_spec/2.0.1.Final/jboss-jaxrs-api_2.1_spec-2.0.1.Final.jar:/home/user/.m2/repository/org/jboss/spec/javax/xml/bind/jboss-jaxb-api_2.3_spec/2.0.0.Final/jboss-jaxb-api_2.3_spec-2.0.0.Final.jar:/home/user/.m2/repository/org/jboss/resteasy/resteasy-core-spi/4.4.2.Final/resteasy-core-spi-4.4.2.Final.jar:/home/user/.m2/repository/org/reactivestreams/reactive-streams/1.0.3/reactive-streams-1.0.3.jar:/home/user/.m2/repository/com/sun/activation/jakarta.activation/1.2.1/jakarta.activation-1.2.1.jar:/home/user/.m2/repository/jakarta/validation/jakarta.validation-api/2.0.2/jakarta.validation-api-2.0.2.jar:/home/user/.m2/repository/io/quarkus/quarkus-junit5/1.2.1.Final/quarkus-junit5-1.2.1.Final.jar:/home/user/.m2/repository/io/quarkus/quarkus-bootstrap-core/1.2.1.Final/quarkus-bootstrap-core-1.2.1.Final.jar:/home/user/.m2/repository/org/apache/maven/maven-embedder/3.5.4/maven-embedder-3.5.4.jar:/home/user/.m2/repository/org/apache/maven/maven-settings/3.5.4/maven-settings-3.5.4.jar:/home/user/.m2/repository/org/apache/maven/maven-core/3.5.4/maven-core-3.5.4.jar:/home/user/.m2/repository/org/apache/maven/maven-artifact/3.5.4/maven-artifact-3.5.4.jar:/home/user/.m2/repository/org/apache/maven/maven-plugin-api/3.5.4/maven-plugin-api-3.5.4.jar:/home/user/.m2/repository/org/apache/maven/maven-model/3.5.4/maven-model-3.5.4.jar:/home/user/.m2/repository/org/apache/maven/maven-model-builder/3.5.4/maven-model-builder-3.5.4.jar:/home/user/.m2/repository/org/apache/maven/maven-builder-support/3.5.4/maven-builder-support-3.5.4.jar:/home/user/.m2/repository/org/apache/maven/resolver/maven-resolver-api/1.1.1/maven-resolver-api-1.1.1.jar:/home/user/.m2/repository/org/apache/maven/resolver/maven-resolver-util/1.1.1/maven-resolver-util-1.1.1.jar:/home/user/.m2/repository/org/apache/maven/shared/maven-shared-utils/3.2.1/maven-shared-utils-3.2.1.jar:/home/user/.m2/repository/com/google/inject/guice/4.2.0/guice-4.2.0-no_aop.jar:/home/user/.m2/repository/org/codehaus/plexus/plexus-utils/3.0.24/plexus-utils-3.0.24.jar:/home/user/.m2/repository/org/codehaus/plexus/plexus-classworlds/2.5.2/plexus-classworlds-2.5.2.jar:/home/user/.m2/repository/org/eclipse/sisu/org.eclipse.sisu.plexus/0.3.3/org.eclipse.sisu.plexus-0.3.3.jar:/home/user/.m2/repository/org/codehaus/plexus/plexus-component-annotations/1.7.1/plexus-component-annotations-1.7.1.jar:/home/user/.m2/repository/commons-cli/commons-cli/1.4/commons-cli-1.4.jar:/home/user/.m2/repository/org/apache/maven/maven-settings-builder/3.5.4/maven-settings-builder-3.5.4.jar:/home/user/.m2/repository/org/codehaus/plexus/plexus-interpolation/1.24/plexus-interpolation-1.24.jar:/home/user/.m2/repository/org/sonatype/plexus/plexus-sec-dispatcher/1.4/plexus-sec-dispatcher-1.4.jar:/home/user/.m2/repository/org/sonatype/plexus/plexus-cipher/1.4/plexus-cipher-1.4.jar:/home/user/.m2/repository/org/apache/maven/maven-resolver-provider/3.5.4/maven-resolver-provider-3.5.4.jar:/home/user/.m2/repository/org/apache/maven/maven-repository-metadata/3.5.4/maven-repository-metadata-3.5.4.jar:/home/user/.m2/repository/org/apache/maven/resolver/maven-resolver-spi/1.1.1/maven-resolver-spi-1.1.1.jar:/home/user/.m2/repository/org/apache/maven/resolver/maven-resolver-impl/1.1.1/maven-resolver-impl-1.1.1.jar:/home/user/.m2/repository/org/apache/maven/resolver/maven-resolver-connector-basic/1.1.1/maven-resolver-connector-basic-1.1.1.jar:/home/user/.m2/repository/org/apache/maven/resolver/maven-resolver-transport-wagon/1.1.1/maven-resolver-transport-wagon-1.1.1.jar:/home/user/.m2/repository/org/apache/maven/wagon/wagon-provider-api/3.0.0/wagon-provider-api-3.0.0.jar:/home/user/.m2/repository/org/apache/maven/wagon/wagon-http/3.0.0/wagon-http-3.0.0.jar:/home/user/.m2/repository/org/apache/maven/wagon/wagon-http-shared/3.0.0/wagon-http-shared-3.0.0.jar:/home/user/.m2/repository/org/jsoup/jsoup/1.7.2/jsoup-1.7.2.jar:/home/user/.m2/repository/org/apache/maven/wagon/wagon-file/3.0.0/wagon-file-3.0.0.jar:/home/user/.m2/repository/org/jboss/logging/jboss-logging/3.3.2.Final/jboss-logging-3.3.2.Final.jar:/home/user/.m2/repository/org/jboss/logging/commons-logging-jboss-logging/1.0.0.Final/commons-logging-jboss-logging-1.0.0.Final.jar:/home/user/.m2/repository/io/quarkus/quarkus-test-common/1.2.1.Final/quarkus-test-common-1.2.1.Final.jar:/home/user/.m2/repository/io/quarkus/quarkus-core-deployment/1.2.1.Final/quarkus-core-deployment-1.2.1.Final.jar:/home/user/.m2/repository/io/quarkus/gizmo/gizmo/1.0.2.Final/gizmo-1.0.2.Final.jar:/home/user/.m2/repository/org/ow2/asm/asm-util/7.3.1/asm-util-7.3.1.jar:/home/user/.m2/repository/org/ow2/asm/asm-tree/7.1/asm-tree-7.1.jar:/home/user/.m2/repository/org/ow2/asm/asm-analysis/7.1/asm-analysis-7.1.jar:/home/user/.m2/repository/org/ow2/asm/asm/7.1/asm-7.1.jar:/home/user/.m2/repository/io/quarkus/quarkus-builder/1.2.1.Final/quarkus-builder-1.2.1.Final.jar:/home/user/.m2/repository/io/quarkus/quarkus-jsonp-deployment/1.2.1.Final/quarkus-jsonp-deployment-1.2.1.Final.jar:/home/user/.m2/repository/io/quarkus/quarkus-jsonp/1.2.1.Final/quarkus-jsonp-1.2.1.Final.jar:/home/user/.m2/repository/org/jboss/jandex/2.1.2.Final/jandex-2.1.2.Final.jar:/home/user/.m2/repository/org/junit/jupiter/junit-jupiter/5.5.2/junit-jupiter-5.5.2.jar:/home/user/.m2/repository/org/junit/jupiter/junit-jupiter-api/5.5.2/junit-jupiter-api-5.5.2.jar:/home/user/.m2/repository/org/apiguardian/apiguardian-api/1.1.0/apiguardian-api-1.1.0.jar:/home/user/.m2/repository/org/opentest4j/opentest4j/1.2.0/opentest4j-1.2.0.jar:/home/user/.m2/repository/org/junit/platform/junit-platform-commons/1.5.2/junit-platform-commons-1.5.2.jar:/home/user/.m2/repository/org/junit/jupiter/junit-jupiter-params/5.5.2/junit-jupiter-params-5.5.2.jar:/home/user/.m2/repository/org/junit/jupiter/junit-jupiter-engine/5.5.2/junit-jupiter-engine-5.5.2.jar:/home/user/.m2/repository/org/junit/platform/junit-platform-engine/1.5.2/junit-platform-engine-1.5.2.jar:/home/user/.m2/repository/io/quarkus/quarkus-core/1.2.1.Final/quarkus-core-1.2.1.Final.jar:/home/user/.m2/repository/jakarta/annotation/jakarta.annotation-api/1.3.5/jakarta.annotation-api-1.3.5.jar:/home/user/.m2/repository/jakarta/inject/jakarta.inject-api/1.0/jakarta.inject-api-1.0.jar:/home/user/.m2/repository/io/smallrye/config/smallrye-config/1.5.1/smallrye-config-1.5.1.jar:/home/user/.m2/repository/io/smallrye/config/smallrye-config-common/1.5.1/smallrye-config-common-1.5.1.jar:/home/user/.m2/repository/org/jboss/logmanager/jboss-logmanager-embedded/1.0.4/jboss-logmanager-embedded-1.0.4.jar:/home/user/.m2/repository/org/jboss/logging/jboss-logging-annotations/2.1.0.Final/jboss-logging-annotations-2.1.0.Final.jar:/home/user/.m2/repository/org/jboss/threads/jboss-threads/3.0.0.Final/jboss-threads-3.0.0.Final.jar:/home/user/.m2/repository/org/slf4j/slf4j-api/1.7.29/slf4j-api-1.7.29.jar:/home/user/.m2/repository/org/jboss/slf4j/slf4j-jboss-logging/1.2.0.Final/slf4j-jboss-logging-1.2.0.Final.jar:/home/user/.m2/repository/org/graalvm/sdk/graal-sdk/19.2.1/graal-sdk-19.2.1.jar:/home/user/.m2/repository/org/wildfly/common/wildfly-common/1.5.0.Final-format-001/wildfly-common-1.5.0.Final-format-001.jar:/home/user/.m2/repository/io/rest-assured/rest-assured/4.1.2/rest-assured-4.1.2.jar:/home/user/.m2/repository/org/codehaus/groovy/groovy/2.5.8/groovy-2.5.8.jar:/home/user/.m2/repository/org/codehaus/groovy/groovy-xml/2.5.8/groovy-xml-2.5.8.jar:/home/user/.m2/repository/org/apache/httpcomponents/httpmime/4.5.3/httpmime-4.5.3.jar:/home/user/.m2/repository/org/hamcrest/hamcrest/2.1/hamcrest-2.1.jar:/home/user/.m2/repository/org/ccil/cowan/tagsoup/tagsoup/1.2.1/tagsoup-1.2.1.jar:/home/user/.m2/repository/io/rest-assured/json-path/4.1.2/json-path-4.1.2.jar:/home/user/.m2/repository/org/codehaus/groovy/groovy-json/2.5.8/groovy-json-2.5.8.jar:/home/user/.m2/repository/io/rest-assured/rest-assured-common/4.1.2/rest-assured-common-4.1.2.jar:/home/user/.m2/repository/io/rest-assured/xml-path/4.1.2/xml-path-4.1.2.jar:/home/user/.m2/repository/org/apache/commons/commons-lang3/3.9/commons-lang3-3.9.jar:/home/user/.m2/repository/javax/xml/bind/jaxb-api/2.3.1/jaxb-api-2.3.1.jar:/home/user/.m2/repository/org/apache/sling/org.apache.sling.javax.activation/0.1.0/org.apache.sling.javax.activation-0.1.0.jar:/home/user/.m2/repository/org/eclipse/che/incubator/workspace-telemetry/backend-base/0.0.11/backend-base-0.0.11.jar:/home/user/.m2/repository/io/quarkus/quarkus-resteasy-jsonb/1.2.1.Final/quarkus-resteasy-jsonb-1.2.1.Final.jar:/home/user/.m2/repository/io/quarkus/quarkus-jsonb/1.2.1.Final/quarkus-jsonb-1.2.1.Final.jar:/home/user/.m2/repository/org/eclipse/yasson/1.0.6/yasson-1.0.6.jar:/home/user/.m2/repository/org/jboss/resteasy/resteasy-json-binding-provider/4.4.2.Final/resteasy-json-binding-provider-4.4.2.Final.jar:/home/user/.m2/repository/org/glassfish/jakarta.json/1.1.6/jakarta.json-1.1.6.jar:/home/user/.m2/repository/jakarta/json/bind/jakarta.json.bind-api/1.0.2/jakarta.json.bind-api-1.0.2.jar:/home/user/.m2/repository/org/jboss/resteasy/resteasy-json-p-provider/4.4.2.Final/resteasy-json-p-provider-4.4.2.Final.jar:/home/user/.m2/repository/commons-io/commons-io/2.6/commons-io-2.6.jar:/home/user/.m2/repository/io/quarkus/quarkus-smallrye-openapi/1.2.1.Final/quarkus-smallrye-openapi-1.2.1.Final.jar:/home/user/.m2/repository/io/smallrye/smallrye-open-api/1.1.20/smallrye-open-api-1.1.20.jar:/home/user/.m2/repository/org/eclipse/microprofile/openapi/microprofile-openapi-api/1.1.2/microprofile-openapi-api-1.1.2.jar:/home/user/.m2/repository/org/eclipse/microprofile/config/microprofile-config-api/1.3/microprofile-config-api-1.3.jar:/home/user/.m2/repository/com/fasterxml/jackson/core/jackson-core/2.10.2/jackson-core-2.10.2.jar:/home/user/.m2/repository/com/fasterxml/jackson/dataformat/jackson-dataformat-yaml/2.10.2/jackson-dataformat-yaml-2.10.2.jar:/home/user/.m2/repository/org/yaml/snakeyaml/1.24/snakeyaml-1.24.jar:/home/user/.m2/repository/org/jboss/shrinkwrap/shrinkwrap-api/1.2.6/shrinkwrap-api-1.2.6.jar:/home/user/.m2/repository/io/quarkus/quarkus-swagger-ui/1.2.1.Final/quarkus-swagger-ui-1.2.1.Final.jar:/home/user/.m2/repository/org/eclipse/che/core/che-core-api-model/7.4.0/che-core-api-model-7.4.0.jar:/home/user/.m2/repository/com/google/guava/guava/27.0.1-jre/guava-27.0.1-jre.jar:/home/user/.m2/repository/com/google/guava/failureaccess/1.0.1/failureaccess-1.0.1.jar:/home/user/.m2/repository/com/google/guava/listenablefuture/9999.0-empty-to-avoid-conflict-with-guava/listenablefuture-9999.0-empty-to-avoid-conflict-with-guava.jar:/home/user/.m2/repository/com/google/code/findbugs/jsr305/3.0.2/jsr305-3.0.2.jar:/home/user/.m2/repository/org/checkerframework/checker-qual/2.5.2/checker-qual-2.5.2.jar:/home/user/.m2/repository/com/google/errorprone/error_prone_annotations/2.2.0/error_prone_annotations-2.2.0.jar:/home/user/.m2/repository/com/google/j2objc/j2objc-annotations/1.1/j2objc-annotations-1.1.jar:/home/user/.m2/repository/org/codehaus/mojo/animal-sniffer-annotations/1.17/animal-sniffer-annotations-1.17.jar:/home/user/.m2/repository/org/eclipse/che/core/che-core-commons-annotations/7.4.0/che-core-commons-annotations-7.4.0.jar:/home/user/.m2/repository/org/eclipse/che/multiuser/che-multiuser-machine-authentication-shared/7.4.0/che-multiuser-machine-authentication-shared-7.4.0.jar:/home/user/.m2/repository/org/eclipse/che/core/che-core-api-dto/7.4.0/che-core-api-dto-7.4.0.jar:/home/user/.m2/repository/org/reflections/reflections/0.9.9/reflections-0.9.9.jar:/home/user/.m2/repository/org/javassist/javassist/3.18.2-GA/javassist-3.18.2-GA.jar:/home/user/.m2/repository/io/jsonwebtoken/jjwt/0.9.1/jjwt-0.9.1.jar:/home/user/.m2/repository/com/fasterxml/jackson/core/jackson-databind/2.10.2/jackson-databind-2.10.2.jar:/home/user/.m2/repository/com/fasterxml/jackson/core/jackson-annotations/2.10.2/jackson-annotations-2.10.2.jar:/home/user/.m2/repository/org/eclipse/che/core/che-core-commons-logback/7.4.0/che-core-commons-logback-7.4.0.jar:/home/user/.m2/repository/ch/qos/logback/logback-classic/1.2.1/logback-classic-1.2.1.jar:/home/user/.m2/repository/ch/qos/logback/logback-core/1.2.1/logback-core-1.2.1.jar:/home/user/.m2/repository/javax/inject/javax.inject/1/javax.inject-1.jar:/home/user/.m2/repository/org/eclipse/che/core/che-core-api-workspace-shared/7.4.0/che-core-api-workspace-shared-7.4.0.jar:/home/user/.m2/repository/com/google/code/gson/gson/2.8.5/gson-2.8.5.jar:/home/user/.m2/repository/org/eclipse/che/core/che-core-api-factory-shared/7.4.0/che-core-api-factory-shared-7.4.0.jar:/home/user/.m2/repository/org/eclipse/che/core/che-core-api-core/7.4.0/che-core-api-core-7.4.0.jar:/home/user/.m2/repository/aopalliance/aopalliance/1.0/aopalliance-1.0.jar:/home/user/.m2/repository/com/google/inject/extensions/guice-assistedinject/4.2.2/guice-assistedinject-4.2.2.jar:/home/user/.m2/repository/javax/annotation/javax.annotation-api/1.2/javax.annotation-api-1.2.jar:/home/user/.m2/repository/javax/validation/validation-api/1.1.0.Final/validation-api-1.1.0.Final.jar:/home/user/.m2/repository/net/java/dev/jna/jna/5.3.1/jna-5.3.1.jar:/home/user/.m2/repository/org/eclipse/che/core/che-core-commons-json/7.4.0/che-core-commons-json-7.4.0.jar:/home/user/.m2/repository/org/eclipse/che/core/che-core-commons-lang/7.4.0/che-core-commons-lang-7.4.0.jar:/home/user/.m2/repository/org/apache/commons/commons-compress/1.18/commons-compress-1.18.jar:/home/user/.m2/repository/org/everrest/everrest-core/1.13.5/everrest-core-1.13.5.jar:/home/user/.m2/repository/commons-fileupload/commons-fileupload/1.3.3/commons-fileupload-1.3.3.jar:/home/user/.m2/repository/javax/mail/mail/1.4.4/mail-1.4.4.jar:/home/user/.m2/repository/org/apache/httpcomponents/httpclient/4.5.12/httpclient-4.5.12.jar:/home/user/.m2/repository/org/apache/httpcomponents/httpcore/4.4.13/httpcore-4.4.13.jar:/home/user/.m2/repository/commons-logging/commons-logging/1.2/commons-logging-1.2.jar:/home/user/.m2/repository/commons-codec/commons-codec/1.13/commons-codec-1.13.jar:"/>
    <property name="java.vm.vendor" value="Oracle Corporation"/>
    <property name="sun.arch.data.model" value="64"/>
    <property name="java.vendor.url" value="https://openjdk.java.net/"/>
    <property name="user.timezone" value=""/>
    <property name="java.vm.specification.version" value="11"/>
    <property name="os.name" value="Linux"/>
    <property name="sun.java.launcher" value="SUN_STANDARD"/>
    <property name="sun.boot.library.path" value="/usr/local/openjdk-11/lib"/>
    <property name="sun.java.command" value="/projects/console-java-simple/telemetryback-end/target/surefire/surefirebooter5216700007596037979.jar /projects/console-java-simple/telemetryback-end/target/surefire 2021-09-28T10-31-39_792-jvmRun1 surefire7195653750471954447tmp surefire_014889016105472199656tmp"/>
    <property name="jdk.debug" value="release"/>
    <property name="surefire.test.class.path" value="/projects/console-java-simple/telemetryback-end/target/test-classes:/projects/console-java-simple/telemetryback-end/target/classes:/home/user/.m2/repository/io/quarkus/quarkus-resteasy/1.2.1.Final/quarkus-resteasy-1.2.1.Final.jar:/home/user/.m2/repository/io/quarkus/quarkus-vertx-http/1.2.1.Final/quarkus-vertx-http-1.2.1.Final.jar:/home/user/.m2/repository/io/quarkus/security/quarkus-security/1.0.1.Final/quarkus-security-1.0.1.Final.jar:/home/user/.m2/repository/jakarta/enterprise/jakarta.enterprise.cdi-api/2.0.2/jakarta.enterprise.cdi-api-2.0.2.jar:/home/user/.m2/repository/jakarta/el/jakarta.el-api/3.0.3/jakarta.el-api-3.0.3.jar:/home/user/.m2/repository/jakarta/interceptor/jakarta.interceptor-api/1.2.5/jakarta.interceptor-api-1.2.5.jar:/home/user/.m2/repository/io/quarkus/quarkus-vertx-core/1.2.1.Final/quarkus-vertx-core-1.2.1.Final.jar:/home/user/.m2/repository/io/quarkus/quarkus-netty/1.2.1.Final/quarkus-netty-1.2.1.Final.jar:/home/user/.m2/repository/io/netty/netty-codec/4.1.42.Final/netty-codec-4.1.42.Final.jar:/home/user/.m2/repository/io/netty/netty-handler/4.1.42.Final/netty-handler-4.1.42.Final.jar:/home/user/.m2/repository/io/vertx/vertx-core/3.8.4/vertx-core-3.8.4.jar:/home/user/.m2/repository/io/netty/netty-common/4.1.42.Final/netty-common-4.1.42.Final.jar:/home/user/.m2/repository/io/netty/netty-buffer/4.1.42.Final/netty-buffer-4.1.42.Final.jar:/home/user/.m2/repository/io/netty/netty-transport/4.1.42.Final/netty-transport-4.1.42.Final.jar:/home/user/.m2/repository/io/netty/netty-handler-proxy/4.1.42.Final/netty-handler-proxy-4.1.42.Final.jar:/home/user/.m2/repository/io/netty/netty-codec-socks/4.1.42.Final/netty-codec-socks-4.1.42.Final.jar:/home/user/.m2/repository/io/netty/netty-codec-http/4.1.42.Final/netty-codec-http-4.1.42.Final.jar:/home/user/.m2/repository/io/netty/netty-codec-http2/4.1.42.Final/netty-codec-http2-4.1.42.Final.jar:/home/user/.m2/repository/io/netty/netty-resolver/4.1.42.Final/netty-resolver-4.1.42.Final.jar:/home/user/.m2/repository/io/netty/netty-resolver-dns/4.1.42.Final/netty-resolver-dns-4.1.42.Final.jar:/home/user/.m2/repository/io/netty/netty-codec-dns/4.1.42.Final/netty-codec-dns-4.1.42.Final.jar:/home/user/.m2/repository/io/vertx/vertx-web/3.8.4/vertx-web-3.8.4.jar:/home/user/.m2/repository/io/vertx/vertx-web-common/3.8.4/vertx-web-common-3.8.4.jar:/home/user/.m2/repository/io/vertx/vertx-auth-common/3.8.4/vertx-auth-common-3.8.4.jar:/home/user/.m2/repository/io/vertx/vertx-bridge-common/3.8.4/vertx-bridge-common-3.8.4.jar:/home/user/.m2/repository/io/quarkus/quarkus-resteasy-server-common/1.2.1.Final/quarkus-resteasy-server-common-1.2.1.Final.jar:/home/user/.m2/repository/io/quarkus/quarkus-arc/1.2.1.Final/quarkus-arc-1.2.1.Final.jar:/home/user/.m2/repository/io/quarkus/arc/arc/1.2.1.Final/arc-1.2.1.Final.jar:/home/user/.m2/repository/jakarta/transaction/jakarta.transaction-api/1.3.3/jakarta.transaction-api-1.3.3.jar:/home/user/.m2/repository/org/eclipse/microprofile/context-propagation/microprofile-context-propagation-api/1.0.1/microprofile-context-propagation-api-1.0.1.jar:/home/user/.m2/repository/io/quarkus/quarkus-resteasy-common/1.2.1.Final/quarkus-resteasy-common-1.2.1.Final.jar:/home/user/.m2/repository/org/jboss/resteasy/resteasy-core/4.4.2.Final/resteasy-core-4.4.2.Final.jar:/home/user/.m2/repository/org/jboss/spec/javax/ws/rs/jboss-jaxrs-api_2.1_spec/2.0.1.Final/jboss-jaxrs-api_2.1_spec-2.0.1.Final.jar:/home/user/.m2/repository/org/jboss/spec/javax/xml/bind/jboss-jaxb-api_2.3_spec/2.0.0.Final/jboss-jaxb-api_2.3_spec-2.0.0.Final.jar:/home/user/.m2/repository/org/jboss/resteasy/resteasy-core-spi/4.4.2.Final/resteasy-core-spi-4.4.2.Final.jar:/home/user/.m2/repository/org/reactivestreams/reactive-streams/1.0.3/reactive-streams-1.0.3.jar:/home/user/.m2/repository/com/sun/activation/jakarta.activation/1.2.1/jakarta.activation-1.2.1.jar:/home/user/.m2/repository/jakarta/validation/jakarta.validation-api/2.0.2/jakarta.validation-api-2.0.2.jar:/home/user/.m2/repository/io/quarkus/quarkus-junit5/1.2.1.Final/quarkus-junit5-1.2.1.Final.jar:/home/user/.m2/repository/io/quarkus/quarkus-bootstrap-core/1.2.1.Final/quarkus-bootstrap-core-1.2.1.Final.jar:/home/user/.m2/repository/org/apache/maven/maven-embedder/3.5.4/maven-embedder-3.5.4.jar:/home/user/.m2/repository/org/apache/maven/maven-settings/3.5.4/maven-settings-3.5.4.jar:/home/user/.m2/repository/org/apache/maven/maven-core/3.5.4/maven-core-3.5.4.jar:/home/user/.m2/repository/org/apache/maven/maven-artifact/3.5.4/maven-artifact-3.5.4.jar:/home/user/.m2/repository/org/apache/maven/maven-plugin-api/3.5.4/maven-plugin-api-3.5.4.jar:/home/user/.m2/repository/org/apache/maven/maven-model/3.5.4/maven-model-3.5.4.jar:/home/user/.m2/repository/org/apache/maven/maven-model-builder/3.5.4/maven-model-builder-3.5.4.jar:/home/user/.m2/repository/org/apache/maven/maven-builder-support/3.5.4/maven-builder-support-3.5.4.jar:/home/user/.m2/repository/org/apache/maven/resolver/maven-resolver-api/1.1.1/maven-resolver-api-1.1.1.jar:/home/user/.m2/repository/org/apache/maven/resolver/maven-resolver-util/1.1.1/maven-resolver-util-1.1.1.jar:/home/user/.m2/repository/org/apache/maven/shared/maven-shared-utils/3.2.1/maven-shared-utils-3.2.1.jar:/home/user/.m2/repository/com/google/inject/guice/4.2.0/guice-4.2.0-no_aop.jar:/home/user/.m2/repository/org/codehaus/plexus/plexus-utils/3.0.24/plexus-utils-3.0.24.jar:/home/user/.m2/repository/org/codehaus/plexus/plexus-classworlds/2.5.2/plexus-classworlds-2.5.2.jar:/home/user/.m2/repository/org/eclipse/sisu/org.eclipse.sisu.plexus/0.3.3/org.eclipse.sisu.plexus-0.3.3.jar:/home/user/.m2/repository/org/codehaus/plexus/plexus-component-annotations/1.7.1/plexus-component-annotations-1.7.1.jar:/home/user/.m2/repository/commons-cli/commons-cli/1.4/commons-cli-1.4.jar:/home/user/.m2/repository/org/apache/maven/maven-settings-builder/3.5.4/maven-settings-builder-3.5.4.jar:/home/user/.m2/repository/org/codehaus/plexus/plexus-interpolation/1.24/plexus-interpolation-1.24.jar:/home/user/.m2/repository/org/sonatype/plexus/plexus-sec-dispatcher/1.4/plexus-sec-dispatcher-1.4.jar:/home/user/.m2/repository/org/sonatype/plexus/plexus-cipher/1.4/plexus-cipher-1.4.jar:/home/user/.m2/repository/org/apache/maven/maven-resolver-provider/3.5.4/maven-resolver-provider-3.5.4.jar:/home/user/.m2/repository/org/apache/maven/maven-repository-metadata/3.5.4/maven-repository-metadata-3.5.4.jar:/home/user/.m2/repository/org/apache/maven/resolver/maven-resolver-spi/1.1.1/maven-resolver-spi-1.1.1.jar:/home/user/.m2/repository/org/apache/maven/resolver/maven-resolver-impl/1.1.1/maven-resolver-impl-1.1.1.jar:/home/user/.m2/repository/org/apache/maven/resolver/maven-resolver-connector-basic/1.1.1/maven-resolver-connector-basic-1.1.1.jar:/home/user/.m2/repository/org/apache/maven/resolver/maven-resolver-transport-wagon/1.1.1/maven-resolver-transport-wagon-1.1.1.jar:/home/user/.m2/repository/org/apache/maven/wagon/wagon-provider-api/3.0.0/wagon-provider-api-3.0.0.jar:/home/user/.m2/repository/org/apache/maven/wagon/wagon-http/3.0.0/wagon-http-3.0.0.jar:/home/user/.m2/repository/org/apache/maven/wagon/wagon-http-shared/3.0.0/wagon-http-shared-3.0.0.jar:/home/user/.m2/repository/org/jsoup/jsoup/1.7.2/jsoup-1.7.2.jar:/home/user/.m2/repository/org/apache/maven/wagon/wagon-file/3.0.0/wagon-file-3.0.0.jar:/home/user/.m2/repository/org/jboss/logging/jboss-logging/3.3.2.Final/jboss-logging-3.3.2.Final.jar:/home/user/.m2/repository/org/jboss/logging/commons-logging-jboss-logging/1.0.0.Final/commons-logging-jboss-logging-1.0.0.Final.jar:/home/user/.m2/repository/io/quarkus/quarkus-test-common/1.2.1.Final/quarkus-test-common-1.2.1.Final.jar:/home/user/.m2/repository/io/quarkus/quarkus-core-deployment/1.2.1.Final/quarkus-core-deployment-1.2.1.Final.jar:/home/user/.m2/repository/io/quarkus/gizmo/gizmo/1.0.2.Final/gizmo-1.0.2.Final.jar:/home/user/.m2/repository/org/ow2/asm/asm-util/7.3.1/asm-util-7.3.1.jar:/home/user/.m2/repository/org/ow2/asm/asm-tree/7.1/asm-tree-7.1.jar:/home/user/.m2/repository/org/ow2/asm/asm-analysis/7.1/asm-analysis-7.1.jar:/home/user/.m2/repository/org/ow2/asm/asm/7.1/asm-7.1.jar:/home/user/.m2/repository/io/quarkus/quarkus-builder/1.2.1.Final/quarkus-builder-1.2.1.Final.jar:/home/user/.m2/repository/io/quarkus/quarkus-jsonp-deployment/1.2.1.Final/quarkus-jsonp-deployment-1.2.1.Final.jar:/home/user/.m2/repository/io/quarkus/quarkus-jsonp/1.2.1.Final/quarkus-jsonp-1.2.1.Final.jar:/home/user/.m2/repository/org/jboss/jandex/2.1.2.Final/jandex-2.1.2.Final.jar:/home/user/.m2/repository/org/junit/jupiter/junit-jupiter/5.5.2/junit-jupiter-5.5.2.jar:/home/user/.m2/repository/org/junit/jupiter/junit-jupiter-api/5.5.2/junit-jupiter-api-5.5.2.jar:/home/user/.m2/repository/org/apiguardian/apiguardian-api/1.1.0/apiguardian-api-1.1.0.jar:/home/user/.m2/repository/org/opentest4j/opentest4j/1.2.0/opentest4j-1.2.0.jar:/home/user/.m2/repository/org/junit/platform/junit-platform-commons/1.5.2/junit-platform-commons-1.5.2.jar:/home/user/.m2/repository/org/junit/jupiter/junit-jupiter-params/5.5.2/junit-jupiter-params-5.5.2.jar:/home/user/.m2/repository/org/junit/jupiter/junit-jupiter-engine/5.5.2/junit-jupiter-engine-5.5.2.jar:/home/user/.m2/repository/org/junit/platform/junit-platform-engine/1.5.2/junit-platform-engine-1.5.2.jar:/home/user/.m2/repository/io/quarkus/quarkus-core/1.2.1.Final/quarkus-core-1.2.1.Final.jar:/home/user/.m2/repository/jakarta/annotation/jakarta.annotation-api/1.3.5/jakarta.annotation-api-1.3.5.jar:/home/user/.m2/repository/jakarta/inject/jakarta.inject-api/1.0/jakarta.inject-api-1.0.jar:/home/user/.m2/repository/io/smallrye/config/smallrye-config/1.5.1/smallrye-config-1.5.1.jar:/home/user/.m2/repository/io/smallrye/config/smallrye-config-common/1.5.1/smallrye-config-common-1.5.1.jar:/home/user/.m2/repository/org/jboss/logmanager/jboss-logmanager-embedded/1.0.4/jboss-logmanager-embedded-1.0.4.jar:/home/user/.m2/repository/org/jboss/logging/jboss-logging-annotations/2.1.0.Final/jboss-logging-annotations-2.1.0.Final.jar:/home/user/.m2/repository/org/jboss/threads/jboss-threads/3.0.0.Final/jboss-threads-3.0.0.Final.jar:/home/user/.m2/repository/org/slf4j/slf4j-api/1.7.29/slf4j-api-1.7.29.jar:/home/user/.m2/repository/org/jboss/slf4j/slf4j-jboss-logging/1.2.0.Final/slf4j-jboss-logging-1.2.0.Final.jar:/home/user/.m2/repository/org/graalvm/sdk/graal-sdk/19.2.1/graal-sdk-19.2.1.jar:/home/user/.m2/repository/org/wildfly/common/wildfly-common/1.5.0.Final-format-001/wildfly-common-1.5.0.Final-format-001.jar:/home/user/.m2/repository/io/rest-assured/rest-assured/4.1.2/rest-assured-4.1.2.jar:/home/user/.m2/repository/org/codehaus/groovy/groovy/2.5.8/groovy-2.5.8.jar:/home/user/.m2/repository/org/codehaus/groovy/groovy-xml/2.5.8/groovy-xml-2.5.8.jar:/home/user/.m2/repository/org/apache/httpcomponents/httpmime/4.5.3/httpmime-4.5.3.jar:/home/user/.m2/repository/org/hamcrest/hamcrest/2.1/hamcrest-2.1.jar:/home/user/.m2/repository/org/ccil/cowan/tagsoup/tagsoup/1.2.1/tagsoup-1.2.1.jar:/home/user/.m2/repository/io/rest-assured/json-path/4.1.2/json-path-4.1.2.jar:/home/user/.m2/repository/org/codehaus/groovy/groovy-json/2.5.8/groovy-json-2.5.8.jar:/home/user/.m2/repository/io/rest-assured/rest-assured-common/4.1.2/rest-assured-common-4.1.2.jar:/home/user/.m2/repository/io/rest-assured/xml-path/4.1.2/xml-path-4.1.2.jar:/home/user/.m2/repository/org/apache/commons/commons-lang3/3.9/commons-lang3-3.9.jar:/home/user/.m2/repository/javax/xml/bind/jaxb-api/2.3.1/jaxb-api-2.3.1.jar:/home/user/.m2/repository/org/apache/sling/org.apache.sling.javax.activation/0.1.0/org.apache.sling.javax.activation-0.1.0.jar:/home/user/.m2/repository/org/eclipse/che/incubator/workspace-telemetry/backend-base/0.0.11/backend-base-0.0.11.jar:/home/user/.m2/repository/io/quarkus/quarkus-resteasy-jsonb/1.2.1.Final/quarkus-resteasy-jsonb-1.2.1.Final.jar:/home/user/.m2/repository/io/quarkus/quarkus-jsonb/1.2.1.Final/quarkus-jsonb-1.2.1.Final.jar:/home/user/.m2/repository/org/eclipse/yasson/1.0.6/yasson-1.0.6.jar:/home/user/.m2/repository/org/jboss/resteasy/resteasy-json-binding-provider/4.4.2.Final/resteasy-json-binding-provider-4.4.2.Final.jar:/home/user/.m2/repository/org/glassfish/jakarta.json/1.1.6/jakarta.json-1.1.6.jar:/home/user/.m2/repository/jakarta/json/bind/jakarta.json.bind-api/1.0.2/jakarta.json.bind-api-1.0.2.jar:/home/user/.m2/repository/org/jboss/resteasy/resteasy-json-p-provider/4.4.2.Final/resteasy-json-p-provider-4.4.2.Final.jar:/home/user/.m2/repository/commons-io/commons-io/2.6/commons-io-2.6.jar:/home/user/.m2/repository/io/quarkus/quarkus-smallrye-openapi/1.2.1.Final/quarkus-smallrye-openapi-1.2.1.Final.jar:/home/user/.m2/repository/io/smallrye/smallrye-open-api/1.1.20/smallrye-open-api-1.1.20.jar:/home/user/.m2/repository/org/eclipse/microprofile/openapi/microprofile-openapi-api/1.1.2/microprofile-openapi-api-1.1.2.jar:/home/user/.m2/repository/org/eclipse/microprofile/config/microprofile-config-api/1.3/microprofile-config-api-1.3.jar:/home/user/.m2/repository/com/fasterxml/jackson/core/jackson-core/2.10.2/jackson-core-2.10.2.jar:/home/user/.m2/repository/com/fasterxml/jackson/dataformat/jackson-dataformat-yaml/2.10.2/jackson-dataformat-yaml-2.10.2.jar:/home/user/.m2/repository/org/yaml/snakeyaml/1.24/snakeyaml-1.24.jar:/home/user/.m2/repository/org/jboss/shrinkwrap/shrinkwrap-api/1.2.6/shrinkwrap-api-1.2.6.jar:/home/user/.m2/repository/io/quarkus/quarkus-swagger-ui/1.2.1.Final/quarkus-swagger-ui-1.2.1.Final.jar:/home/user/.m2/repository/org/eclipse/che/core/che-core-api-model/7.4.0/che-core-api-model-7.4.0.jar:/home/user/.m2/repository/com/google/guava/guava/27.0.1-jre/guava-27.0.1-jre.jar:/home/user/.m2/repository/com/google/guava/failureaccess/1.0.1/failureaccess-1.0.1.jar:/home/user/.m2/repository/com/google/guava/listenablefuture/9999.0-empty-to-avoid-conflict-with-guava/listenablefuture-9999.0-empty-to-avoid-conflict-with-guava.jar:/home/user/.m2/repository/com/google/code/findbugs/jsr305/3.0.2/jsr305-3.0.2.jar:/home/user/.m2/repository/org/checkerframework/checker-qual/2.5.2/checker-qual-2.5.2.jar:/home/user/.m2/repository/com/google/errorprone/error_prone_annotations/2.2.0/error_prone_annotations-2.2.0.jar:/home/user/.m2/repository/com/google/j2objc/j2objc-annotations/1.1/j2objc-annotations-1.1.jar:/home/user/.m2/repository/org/codehaus/mojo/animal-sniffer-annotations/1.17/animal-sniffer-annotations-1.17.jar:/home/user/.m2/repository/org/eclipse/che/core/che-core-commons-annotations/7.4.0/che-core-commons-annotations-7.4.0.jar:/home/user/.m2/repository/org/eclipse/che/multiuser/che-multiuser-machine-authentication-shared/7.4.0/che-multiuser-machine-authentication-shared-7.4.0.jar:/home/user/.m2/repository/org/eclipse/che/core/che-core-api-dto/7.4.0/che-core-api-dto-7.4.0.jar:/home/user/.m2/repository/org/reflections/reflections/0.9.9/reflections-0.9.9.jar:/home/user/.m2/repository/org/javassist/javassist/3.18.2-GA/javassist-3.18.2-GA.jar:/home/user/.m2/repository/io/jsonwebtoken/jjwt/0.9.1/jjwt-0.9.1.jar:/home/user/.m2/repository/com/fasterxml/jackson/core/jackson-databind/2.10.2/jackson-databind-2.10.2.jar:/home/user/.m2/repository/com/fasterxml/jackson/core/jackson-annotations/2.10.2/jackson-annotations-2.10.2.jar:/home/user/.m2/repository/org/eclipse/che/core/che-core-commons-logback/7.4.0/che-core-commons-logback-7.4.0.jar:/home/user/.m2/repository/ch/qos/logback/logback-classic/1.2.1/logback-classic-1.2.1.jar:/home/user/.m2/repository/ch/qos/logback/logback-core/1.2.1/logback-core-1.2.1.jar:/home/user/.m2/repository/javax/inject/javax.inject/1/javax.inject-1.jar:/home/user/.m2/repository/org/eclipse/che/core/che-core-api-workspace-shared/7.4.0/che-core-api-workspace-shared-7.4.0.jar:/home/user/.m2/repository/com/google/code/gson/gson/2.8.5/gson-2.8.5.jar:/home/user/.m2/repository/org/eclipse/che/core/che-core-api-factory-shared/7.4.0/che-core-api-factory-shared-7.4.0.jar:/home/user/.m2/repository/org/eclipse/che/core/che-core-api-core/7.4.0/che-core-api-core-7.4.0.jar:/home/user/.m2/repository/aopalliance/aopalliance/1.0/aopalliance-1.0.jar:/home/user/.m2/repository/com/google/inject/extensions/guice-assistedinject/4.2.2/guice-assistedinject-4.2.2.jar:/home/user/.m2/repository/javax/annotation/javax.annotation-api/1.2/javax.annotation-api-1.2.jar:/home/user/.m2/repository/javax/validation/validation-api/1.1.0.Final/validation-api-1.1.0.Final.jar:/home/user/.m2/repository/net/java/dev/jna/jna/5.3.1/jna-5.3.1.jar:/home/user/.m2/repository/org/eclipse/che/core/che-core-commons-json/7.4.0/che-core-commons-json-7.4.0.jar:/home/user/.m2/repository/org/eclipse/che/core/che-core-commons-lang/7.4.0/che-core-commons-lang-7.4.0.jar:/home/user/.m2/repository/org/apache/commons/commons-compress/1.18/commons-compress-1.18.jar:/home/user/.m2/repository/org/everrest/everrest-core/1.13.5/everrest-core-1.13.5.jar:/home/user/.m2/repository/commons-fileupload/commons-fileupload/1.3.3/commons-fileupload-1.3.3.jar:/home/user/.m2/repository/javax/mail/mail/1.4.4/mail-1.4.4.jar:/home/user/.m2/repository/org/apache/httpcomponents/httpclient/4.5.12/httpclient-4.5.12.jar:/home/user/.m2/repository/org/apache/httpcomponents/httpcore/4.4.13/httpcore-4.4.13.jar:/home/user/.m2/repository/commons-logging/commons-logging/1.2/commons-logging-1.2.jar:/home/user/.m2/repository/commons-codec/commons-codec/1.13/commons-codec-1.13.jar:"/>
    <property name="sun.cpu.endian" value="little"/>
    <property name="user.home" value="/home/user"/>
    <property name="user.language" value="en"/>
    <property name="java.specification.vendor" value="Oracle Corporation"/>
    <property name="java.version.date" value="2021-01-19"/>
    <property name="java.home" value="/usr/local/openjdk-11"/>
    <property name="file.separator" value="/"/>
    <property name="basedir" value="/projects/console-java-simple/telemetryback-end"/>
    <property name="java.vm.compressedOopsMode" value="32-bit"/>
    <property name="line.separator" value="&#10;"/>
    <property name="java.specification.name" value="Java Platform API Specification"/>
    <property name="java.vm.specification.vendor" value="Oracle Corporation"/>
    <property name="java.awt.graphicsenv" value="sun.awt.X11GraphicsEnvironment"/>
    <property name="surefire.real.class.path" value="/projects/console-java-simple/telemetryback-end/target/surefire/surefirebooter5216700007596037979.jar"/>
    <property name="sun.management.compiler" value="HotSpot 64-Bit Tiered Compilers"/>
    <property name="java.runtime.version" value="11.0.10+9"/>
    <property name="user.name" value="user"/>
    <property name="path.separator" value=":"/>
    <property name="java.security.egd" value="file:/dev/./urandom"/>
    <property name="os.version" value="5.10.47-linuxkit"/>
    <property name="java.runtime.name" value="OpenJDK Runtime Environment"/>
    <property name="file.encoding" value="UTF-8"/>
    <property name="sun.zip.disableMemoryMapping" value="true"/>
    <property name="java.vm.name" value="OpenJDK 64-Bit Server VM"/>
    <property name="java.vendor.version" value="18.9"/>
    <property name="localRepository" value="/home/user/.m2/repository"/>
    <property name="java.vendor.url.bug" value="https://bugreport.java.com/bugreport/"/>
    <property name="java.io.tmpdir" value="/tmp"/>
    <property name="java.version" value="11.0.10"/>
    <property name="user.dir" value="/projects/console-java-simple/telemetryback-end"/>
    <property name="os.arch" value="amd64"/>
    <property name="java.vm.specification.name" value="Java Virtual Machine Specification"/>
    <property name="java.awt.printerjob" value="sun.print.PSPrinterJob"/>
    <property name="sun.os.patch.level" value="unknown"/>
    <property name="java.util.logging.manager" value="org.jboss.logmanager.LogManager"/>
    <property name="java.library.path" value="/usr/java/packages/lib:/usr/lib64:/lib64:/lib:/usr/lib"/>
    <property name="java.vm.info" value="mixed mode, sharing"/>
    <property name="java.vendor" value="Oracle Corporation"/>
    <property name="java.vm.version" value="11.0.10+9"/>
    <property name="sun.io.unicode.encoding" value="UnicodeLittle"/>
    <property name="skiptests" value="true"/>
    <property name="java.class.version" value="55.0"/>
  </properties>
  <testcase name="testHelloEndpoint" classname="org.my.group.MyResourceTest" time="1.637">
    <failure message="1 expectation failed.&#10;Expected status code &lt;200&gt; but was &lt;404&gt;.&#10;" type="java.lang.AssertionError"><![CDATA[java.lang.AssertionError: 
1 expectation failed.
Expected status code <200> but was <404>.

	at org.my.group.MyResourceTest.testHelloEndpoint(MyResourceTest.java:17)
]]></failure>
    <system-out><![CDATA[2021-09-28 10:31:53,225 INFO  [io.quarkus] (main) Quarkus 1.2.1.Final started in 1.008s. Listening on: http://0.0.0.0:8081
2021-09-28 10:31:53,228 INFO  [io.quarkus] (main) Profile test activated. 
2021-09-28 10:31:53,228 INFO  [io.quarkus] (main) Installed features: [cdi, resteasy, resteasy-jsonb, smallrye-openapi, swagger-ui]
]]></system-out>
    <system-err><![CDATA[SLF4J: Class path contains multiple SLF4J bindings.
SLF4J: Found binding in [jar:file:/home/user/.m2/repository/org/jboss/slf4j/slf4j-jboss-logging/1.2.0.Final/slf4j-jboss-logging-1.2.0.Final.jar!/org/slf4j/impl/StaticLoggerBinder.class]
SLF4J: Found binding in [jar:file:/home/user/.m2/repository/ch/qos/logback/logback-classic/1.2.1/logback-classic-1.2.1.jar!/org/slf4j/impl/StaticLoggerBinder.class]
SLF4J: See http://www.slf4j.org/codes.html#multiple_bindings for an explanation.
SLF4J: Actual binding is of type [org.jboss.slf4j.JBossLoggerFactory]
]]></system-err>
  </testcase>
</testsuite>